<?xml version="1.0" encoding="UTF-8"?>
<testsuite xmlns:xsi="http://www.w3.org/2001/XMLSchema-instance" xsi:noNamespaceSchemaLocation="https://maven.apache.org/surefire/maven-surefire-plugin/xsd/surefire-test-report-3.0.xsd" version="3.0" name="com.example.plantmanager.PlantManagerApplicationTests" time="0.809" tests="1" errors="0" skipped="0" failures="0">
  <properties>
[...]
</properties>
  <testcase name="contextLoads" classname="com.example.plantmanager.PlantManagerApplicationTests" time="0.005">
    <system-out><![CDATA[2025-01-20 12:54:59.397  INFO 10408 --- [           main] .b.t.c.SpringBootTestContextBootstrapper : Neither @ContextConfiguration nor @ContextHierarchy found for test class [com.example.plantmanager.PlantManagerApplicationTests], using SpringBootContextLoader
2025-01-20 12:54:59.399  INFO 10408 --- [           main] o.s.t.c.support.AbstractContextLoader    : Could not detect default resource locations for test class [com.example.plantmanager.PlantManagerApplicationTests]: no resource found for suffixes {-context.xml, Context.groovy}.
2025-01-20 12:54:59.402  INFO 10408 --- [           main] .b.t.c.SpringBootTestContextBootstrapper : Loaded default TestExecutionListener class names from location [META-INF/spring.factories]: [org.springframework.boot.test.mock.mockito.MockitoTestExecutionListener, org.springframework.boot.test.mock.mockito.ResetMocksTestExecutionListener, org.springframework.boot.test.autoconfigure.restdocs.RestDocsTestExecutionListener, org.springframework.boot.test.autoconfigure.web.client.MockRestServiceServerResetTestExecutionListener, org.springframework.boot.test.autoconfigure.web.servlet.MockMvcPrintOnlyOnFailureTestExecutionListener, org.springframework.boot.test.autoconfigure.web.servlet.WebDriverTestExecutionListener, org.springframework.boot.test.autoconfigure.webservices.client.MockWebServiceServerTestExecutionListener, org.springframework.test.context.web.ServletTestExecutionListener, org.springframework.test.context.support.DirtiesContextBeforeModesTestExecutionListener, org.springframework.test.context.event.ApplicationEventsTestExecutionListener, org.springframework.test.context.support.DependencyInjectionTestExecutionListener, org.springframework.test.context.support.DirtiesContextTestExecutionListener, org.springframework.test.context.transaction.TransactionalTestExecutionListener, org.springframework.test.context.jdbc.SqlScriptsTestExecutionListener, org.springframework.test.context.event.EventPublishingTestExecutionListener]
2025-01-20 12:54:59.403  INFO 10408 --- [           main] .b.t.c.SpringBootTestContextBootstrapper : Using TestExecutionListeners: [org.springframework.test.context.web.ServletTestExecutionListener@40f15786, org.springframework.test.context.support.DirtiesContextBeforeModesTestExecutionListener@72ea6fcb, org.springframework.test.context.event.ApplicationEventsTestExecutionListener@7ee9920a, org.springframework.boot.test.mock.mockito.MockitoTestExecutionListener@4154ecd3, org.springframework.boot.test.autoconfigure.SpringBootDependencyInjectionTestExecutionListener@b53ce18, org.springframework.test.context.support.DirtiesContextTestExecutionListener@2a666c8e, org.springframework.test.context.transaction.TransactionalTestExecutionListener@18adc20a, org.springframework.test.context.jdbc.SqlScriptsTestExecutionListener@7e7987b8, org.springframework.test.context.event.EventPublishingTestExecutionListener@6bcfb561, org.springframework.boot.test.mock.mockito.ResetMocksTestExecutionListener@7254a68a, org.springframework.boot.test.autoconfigure.restdocs.RestDocsTestExecutionListener@49f9758, org.springframework.boot.test.autoconfigure.web.client.MockRestServiceServerResetTestExecutionListener@36e98434, org.springframework.boot.test.autoconfigure.web.servlet.MockMvcPrintOnlyOnFailureTestExecutionListener@209b4b35, org.springframework.boot.test.autoconfigure.web.servlet.WebDriverTestExecutionListener@77acc95a, org.springframework.boot.test.autoconfigure.webservices.client.MockWebServiceServerTestExecutionListener@ff1a5a0]

  .   ____          _            __ _ _
 /\\ / ___'_ __ _ _(_)_ __  __ _ \ \ \ \
( ( )\___ | '_ | '_| | '_ \/ _` | \ \ \ \
 \\/  ___)| |_)| | | | | || (_| |  ) ) ) )
  '  |____| .__|_| |_|_| |_\__, | / / / /
 =========|_|==============|___/=/_/_/_/
 :: Spring Boot ::                (v2.6.6)

2025-01-20 12:54:59.458  INFO 10408 --- [           main] c.e.p.PlantManagerApplicationTests       : Starting PlantManagerApplicationTests using Java 21.0.4 on DESKTOP-NNMHTO2 with PID 10408 (started by marcus in D:\personal\marcusfromsweden\it\code\java-spring-azure\plant-manager)
2025-01-20 12:54:59.458 DEBUG 10408 --- [           main] c.e.p.PlantManagerApplicationTests       : Running with Spring Boot v2.6.6, Spring v5.3.18
2025-01-20 12:54:59.458  INFO 10408 --- [           main] c.e.p.PlantManagerApplicationTests       : No active profile set, falling back to 1 default profile: "default"
2025-01-20 12:54:59.600  INFO 10408 --- [           main] .s.d.r.c.RepositoryConfigurationDelegate : Bootstrapping Spring Data JPA repositories in DEFAULT mode.
2025-01-20 12:54:59.607  INFO 10408 --- [           main] .s.d.r.c.RepositoryConfigurationDelegate : Finished Spring Data repository scanning in 6 ms. Found 1 JPA repository interfaces.
2025-01-20 12:54:59.701  INFO 10408 --- [           main] o.hibernate.jpa.internal.util.LogHelper  : HHH000204: Processing PersistenceUnitInfo [name: default]
2025-01-20 12:54:59.704  INFO 10408 --- [           main] com.zaxxer.hikari.HikariDataSource       : HikariPool-2 - Starting...
2025-01-20 12:54:59.752  INFO 10408 --- [           main] com.zaxxer.hikari.HikariDataSource       : HikariPool-2 - Start completed.
2025-01-20 12:54:59.752  INFO 10408 --- [           main] org.hibernate.dialect.Dialect            : HHH000400: Using dialect: org.hibernate.dialect.PostgreSQLDialect
2025-01-20 12:54:59.786  INFO 10408 --- [           main] o.h.e.t.j.p.i.JtaPlatformInitiator       : HHH000490: Using JtaPlatform implementation: [org.hibernate.engine.transaction.jta.platform.internal.NoJtaPlatform]
2025-01-20 12:54:59.786  INFO 10408 --- [           main] j.LocalContainerEntityManagerFactoryBean : Initialized JPA EntityManagerFactory for persistence unit 'default'
2025-01-20 12:54:59.917  WARN 10408 --- [           main] JpaBaseConfiguration$JpaWebConfiguration : spring.jpa.open-in-view is enabled by default. Therefore, database queries may be performed during view rendering. Explicitly configure spring.jpa.open-in-view to disable this warning
2025-01-20 12:55:00.194  INFO 10408 --- [           main] c.e.p.PlantManagerApplicationTests       : Started PlantManagerApplicationTests in 0.789 seconds (JVM running for 6.431)
]]></system-out>
  </testcase>
</testsuite>